2022-05-09 05:53:00,086 : ***** Transfer task : STS12 *****


/home/zhejian/SimCSE/./SentEval/senteval/sts.py:42: VisibleDeprecationWarning: Creating an ndarray from ragged nested sequences (which is a list-or-tuple of lists-or-tuples-or ndarrays with different lengths or shapes) is deprecated. If you meant to do this, you must specify 'dtype=object' when creating the ndarray.
  sent1 = np.array([s.split() for s in sent1])[not_empty_idx]
/home/zhejian/SimCSE/./SentEval/senteval/sts.py:43: VisibleDeprecationWarning: Creating an ndarray from ragged nested sequences (which is a list-or-tuple of lists-or-tuples-or ndarrays with different lengths or shapes) is deprecated. If you meant to do this, you must specify 'dtype=object' when creating the ndarray.
  sent2 = np.array([s.split() for s in sent2])[not_empty_idx]
2022-05-09 05:53:01,131 : MSRpar : pearson = 0.4515, spearman = 0.4769
2022-05-09 05:53:01,935 : MSRvid : pearson = 0.8485, spearman = 0.8400
2022-05-09 05:53:02,525 : SMTeuroparl : pearson = 0.5040, spearman = 0.5871
2022-05-09 05:53:03,373 : surprise.OnWN : pearson = 0.7292, spearman = 0.6865
2022-05-09 05:53:03,880 : surprise.SMTnews : pearson = 0.6558, spearman = 0.5948
2022-05-09 05:53:03,887 : ALL : Pearson = 0.7337,             Spearman = 0.6093
2022-05-09 05:53:03,887 : ALL (weighted average) : Pearson = 0.6483,             Spearman = 0.6465
2022-05-09 05:53:03,887 : ALL (average) : Pearson = 0.6378,             Spearman = 0.6371

2022-05-09 05:53:03,897 : ***** Transfer task : STS13 (-SMT) *****


2022-05-09 05:53:04,274 : FNWN : pearson = 0.5724, spearman = 0.5865
2022-05-09 05:53:05,024 : headlines : pearson = 0.7447, spearman = 0.7429
2022-05-09 05:53:05,691 : OnWN : pearson = 0.8184, spearman = 0.8114
2022-05-09 05:53:05,695 : ALL : Pearson = 0.7634,             Spearman = 0.7695
2022-05-09 05:53:05,696 : ALL (weighted average) : Pearson = 0.7506,             Spearman = 0.7488
2022-05-09 05:53:05,696 : ALL (average) : Pearson = 0.7118,             Spearman = 0.7136

2022-05-09 05:53:05,700 : ***** Transfer task : STS14 *****


2022-05-09 05:53:06,199 : deft-forum : pearson = 0.5401, spearman = 0.5215
2022-05-09 05:53:06,602 : deft-news : pearson = 0.7658, spearman = 0.7332
2022-05-09 05:53:07,399 : headlines : pearson = 0.7124, spearman = 0.6732
2022-05-09 05:53:08,222 : images : pearson = 0.8047, spearman = 0.7802
2022-05-09 05:53:09,011 : OnWN : pearson = 0.8573, spearman = 0.8484
2022-05-09 05:53:09,961 : tweet-news : pearson = 0.7898, spearman = 0.7033
2022-05-09 05:53:09,966 : ALL : Pearson = 0.7348,             Spearman = 0.6877
2022-05-09 05:53:09,966 : ALL (weighted average) : Pearson = 0.7589,             Spearman = 0.7222
2022-05-09 05:53:09,966 : ALL (average) : Pearson = 0.7450,             Spearman = 0.7099

2022-05-09 05:53:09,971 : ***** Transfer task : STS15 *****


2022-05-09 05:53:10,515 : answers-forums : pearson = 0.7148, spearman = 0.7189
2022-05-09 05:53:11,340 : answers-students : pearson = 0.7392, spearman = 0.7429
2022-05-09 05:53:11,789 : belief : pearson = 0.8216, spearman = 0.8326
2022-05-09 05:53:12,606 : headlines : pearson = 0.7415, spearman = 0.7341
2022-05-09 05:53:13,361 : images : pearson = 0.8437, spearman = 0.8447
2022-05-09 05:53:13,368 : ALL : Pearson = 0.7788,             Spearman = 0.7800
2022-05-09 05:53:13,369 : ALL (weighted average) : Pearson = 0.7731,             Spearman = 0.7744
2022-05-09 05:53:13,369 : ALL (average) : Pearson = 0.7721,             Spearman = 0.7746

2022-05-09 05:53:13,376 : ***** Transfer task : STS16 *****


2022-05-09 05:53:13,773 : answer-answer : pearson = 0.7115, spearman = 0.7069
2022-05-09 05:53:13,992 : headlines : pearson = 0.7479, spearman = 0.7616
2022-05-09 05:53:14,253 : plagiarism : pearson = 0.8329, spearman = 0.8529
2022-05-09 05:53:14,585 : postediting : pearson = 0.8594, spearman = 0.8759
2022-05-09 05:53:14,830 : question-question : pearson = 0.6306, spearman = 0.6247
2022-05-09 05:53:14,834 : ALL : Pearson = 0.7444,             Spearman = 0.7516
2022-05-09 05:53:14,835 : ALL (weighted average) : Pearson = 0.7589,             Spearman = 0.7670
2022-05-09 05:53:14,835 : ALL (average) : Pearson = 0.7565,             Spearman = 0.7644

2022-05-09 05:53:14,838 : 

***** Transfer task : STSBenchmark*****


2022-05-09 05:53:21,442 : train : pearson = 0.7404, spearman = 0.6967
2022-05-09 05:53:23,216 : dev : pearson = 0.7934, spearman = 0.7887
2022-05-09 05:53:24,899 : test : pearson = 0.7445, spearman = 0.7248
2022-05-09 05:53:24,915 : ALL : Pearson = 0.7515,             Spearman = 0.7202
2022-05-09 05:53:24,915 : ALL (weighted average) : Pearson = 0.7503,             Spearman = 0.7172
2022-05-09 05:53:24,916 : ALL (average) : Pearson = 0.7594,             Spearman = 0.7367

2022-05-09 05:53:24,942 : 

***** Transfer task : SICKRelatedness*****


2022-05-09 05:53:29,460 : train : pearson = 0.7491, spearman = 0.6896
2022-05-09 05:53:30,094 : dev : pearson = 0.7615, spearman = 0.7170
2022-05-09 05:53:35,445 : test : pearson = 0.7407, spearman = 0.6839
2022-05-09 05:53:35,459 : ALL : Pearson = 0.7456,             Spearman = 0.6880
2022-05-09 05:53:35,460 : ALL (weighted average) : Pearson = 0.7456,             Spearman = 0.6881
2022-05-09 05:53:35,460 : ALL (average) : Pearson = 0.7505,             Spearman = 0.6968

------ test ------
+-------+-------+-------+-------+-------+--------------+-----------------+-------+
| STS12 | STS13 | STS14 | STS15 | STS16 | STSBenchmark | SICKRelatedness |  Avg. |
+-------+-------+-------+-------+-------+--------------+-----------------+-------+
| 60.93 | 76.95 | 68.77 | 78.00 | 75.16 |    72.48     |      68.39      | 71.53 |
+-------+-------+-------+-------+-------+--------------+-----------------+-------+