2022-04-20 08:52:24,899 : ***** Transfer task : STS12 *****


/home/zhejian/SimCSE/./SentEval/senteval/sts.py:42: VisibleDeprecationWarning: Creating an ndarray from ragged nested sequences (which is a list-or-tuple of lists-or-tuples-or ndarrays with different lengths or shapes) is deprecated. If you meant to do this, you must specify 'dtype=object' when creating the ndarray.
  sent1 = np.array([s.split() for s in sent1])[not_empty_idx]
/home/zhejian/SimCSE/./SentEval/senteval/sts.py:43: VisibleDeprecationWarning: Creating an ndarray from ragged nested sequences (which is a list-or-tuple of lists-or-tuples-or ndarrays with different lengths or shapes) is deprecated. If you meant to do this, you must specify 'dtype=object' when creating the ndarray.
  sent2 = np.array([s.split() for s in sent2])[not_empty_idx]
2022-04-20 08:52:25,881 : MSRpar : pearson = 0.5637, spearman = 0.5936
2022-04-20 08:52:26,591 : MSRvid : pearson = 0.8547, spearman = 0.8495
2022-04-20 08:52:27,093 : SMTeuroparl : pearson = 0.4784, spearman = 0.6217
2022-04-20 08:52:27,891 : surprise.OnWN : pearson = 0.7506, spearman = 0.7024
2022-04-20 08:52:28,349 : surprise.SMTnews : pearson = 0.6685, spearman = 0.5900
2022-04-20 08:52:28,355 : ALL : Pearson = 0.7430,             Spearman = 0.6899
2022-04-20 08:52:28,355 : ALL (weighted average) : Pearson = 0.6799,             Spearman = 0.6853
2022-04-20 08:52:28,356 : ALL (average) : Pearson = 0.6632,             Spearman = 0.6714

2022-04-20 08:52:28,363 : ***** Transfer task : STS13 (-SMT) *****


2022-04-20 08:52:28,682 : FNWN : pearson = 0.6125, spearman = 0.6223
2022-04-20 08:52:29,411 : headlines : pearson = 0.8013, spearman = 0.8047
2022-04-20 08:52:30,056 : OnWN : pearson = 0.8686, spearman = 0.8400
2022-04-20 08:52:30,063 : ALL : Pearson = 0.8247,             Spearman = 0.8287
2022-04-20 08:52:30,063 : ALL (weighted average) : Pearson = 0.8027,             Spearman = 0.7949
2022-04-20 08:52:30,063 : ALL (average) : Pearson = 0.7608,             Spearman = 0.7557

2022-04-20 08:52:30,068 : ***** Transfer task : STS14 *****


2022-04-20 08:52:30,598 : deft-forum : pearson = 0.5323, spearman = 0.5135
2022-04-20 08:52:31,028 : deft-news : pearson = 0.7876, spearman = 0.7534
2022-04-20 08:52:31,869 : headlines : pearson = 0.7792, spearman = 0.7655
2022-04-20 08:52:32,588 : images : pearson = 0.8007, spearman = 0.7743
2022-04-20 08:52:33,408 : OnWN : pearson = 0.8863, spearman = 0.8597
2022-04-20 08:52:34,211 : tweet-news : pearson = 0.7459, spearman = 0.6757
2022-04-20 08:52:34,220 : ALL : Pearson = 0.7697,             Spearman = 0.7333
2022-04-20 08:52:34,220 : ALL (weighted average) : Pearson = 0.7693,             Spearman = 0.7369
2022-04-20 08:52:34,220 : ALL (average) : Pearson = 0.7553,             Spearman = 0.7237

2022-04-20 08:52:34,226 : ***** Transfer task : STS15 *****


2022-04-20 08:52:34,929 : answers-forums : pearson = 0.7478, spearman = 0.7491
2022-04-20 08:52:35,688 : answers-students : pearson = 0.7525, spearman = 0.7565
2022-04-20 08:52:36,182 : belief : pearson = 0.7810, spearman = 0.7963
2022-04-20 08:52:36,911 : headlines : pearson = 0.8096, spearman = 0.8158
2022-04-20 08:52:37,647 : images : pearson = 0.8481, spearman = 0.8622
2022-04-20 08:52:37,653 : ALL : Pearson = 0.7873,             Spearman = 0.7940
2022-04-20 08:52:37,653 : ALL (weighted average) : Pearson = 0.7936,             Spearman = 0.8018
2022-04-20 08:52:37,653 : ALL (average) : Pearson = 0.7878,             Spearman = 0.7960

2022-04-20 08:52:37,662 : ***** Transfer task : STS16 *****


2022-04-20 08:52:38,051 : answer-answer : pearson = 0.7024, spearman = 0.7024
2022-04-20 08:52:38,272 : headlines : pearson = 0.7857, spearman = 0.8126
2022-04-20 08:52:38,561 : plagiarism : pearson = 0.8269, spearman = 0.8337
2022-04-20 08:52:38,861 : postediting : pearson = 0.8447, spearman = 0.8578
2022-04-20 08:52:39,078 : question-question : pearson = 0.6957, spearman = 0.6956
2022-04-20 08:52:39,081 : ALL : Pearson = 0.7623,             Spearman = 0.7732
2022-04-20 08:52:39,081 : ALL (weighted average) : Pearson = 0.7721,             Spearman = 0.7818
2022-04-20 08:52:39,081 : ALL (average) : Pearson = 0.7711,             Spearman = 0.7804

2022-04-20 08:52:39,084 : 

***** Transfer task : STSBenchmark*****


2022-04-20 08:52:45,251 : train : pearson = 0.7778, spearman = 0.7574
2022-04-20 08:52:47,006 : dev : pearson = 0.8030, spearman = 0.8054
2022-04-20 08:52:48,437 : test : pearson = 0.7665, spearman = 0.7563
2022-04-20 08:52:48,452 : ALL : Pearson = 0.7815,             Spearman = 0.7695
2022-04-20 08:52:48,453 : ALL (weighted average) : Pearson = 0.7804,             Spearman = 0.7656
2022-04-20 08:52:48,453 : ALL (average) : Pearson = 0.7824,             Spearman = 0.7730

2022-04-20 08:52:48,468 : 

***** Transfer task : SICKRelatedness*****


2022-04-20 08:52:52,858 : train : pearson = 0.7838, spearman = 0.7054
2022-04-20 08:52:53,340 : dev : pearson = 0.7707, spearman = 0.7191
2022-04-20 08:52:57,762 : test : pearson = 0.7758, spearman = 0.6958
2022-04-20 08:52:57,773 : ALL : Pearson = 0.7792,             Spearman = 0.7012
2022-04-20 08:52:57,773 : ALL (weighted average) : Pearson = 0.7791,             Spearman = 0.7013
2022-04-20 08:52:57,773 : ALL (average) : Pearson = 0.7768,             Spearman = 0.7068

------ test ------
+-------+-------+-------+-------+-------+--------------+-----------------+-------+
| STS12 | STS13 | STS14 | STS15 | STS16 | STSBenchmark | SICKRelatedness |  Avg. |
+-------+-------+-------+-------+-------+--------------+-----------------+-------+
| 68.99 | 82.87 | 73.33 | 79.40 | 77.32 |    75.63     |      69.58      | 75.30 |
+-------+-------+-------+-------+-------+--------------+-----------------+-------+