2022-04-18 14:05:47,642 : ***** Transfer task : STS12 *****


/home/zhejian/SimCSE/./SentEval/senteval/sts.py:42: VisibleDeprecationWarning: Creating an ndarray from ragged nested sequences (which is a list-or-tuple of lists-or-tuples-or ndarrays with different lengths or shapes) is deprecated. If you meant to do this, you must specify 'dtype=object' when creating the ndarray.
  sent1 = np.array([s.split() for s in sent1])[not_empty_idx]
/home/zhejian/SimCSE/./SentEval/senteval/sts.py:43: VisibleDeprecationWarning: Creating an ndarray from ragged nested sequences (which is a list-or-tuple of lists-or-tuples-or ndarrays with different lengths or shapes) is deprecated. If you meant to do this, you must specify 'dtype=object' when creating the ndarray.
  sent2 = np.array([s.split() for s in sent2])[not_empty_idx]
2022-04-18 14:05:48,647 : MSRpar : pearson = 0.5735, spearman = 0.5969
2022-04-18 14:05:49,468 : MSRvid : pearson = 0.7906, spearman = 0.7883
2022-04-18 14:05:49,997 : SMTeuroparl : pearson = 0.5302, spearman = 0.6223
2022-04-18 14:05:50,779 : surprise.OnWN : pearson = 0.7312, spearman = 0.6933
2022-04-18 14:05:51,240 : surprise.SMTnews : pearson = 0.6487, spearman = 0.6108
2022-04-18 14:05:51,247 : ALL : Pearson = 0.6590,             Spearman = 0.6305
2022-04-18 14:05:51,247 : ALL (weighted average) : Pearson = 0.6672,             Spearman = 0.6719
2022-04-18 14:05:51,248 : ALL (average) : Pearson = 0.6548,             Spearman = 0.6623

2022-04-18 14:05:51,257 : ***** Transfer task : STS13 (-SMT) *****


2022-04-18 14:05:51,556 : FNWN : pearson = 0.6269, spearman = 0.6377
2022-04-18 14:05:52,356 : headlines : pearson = 0.7719, spearman = 0.7722
2022-04-18 14:05:53,037 : OnWN : pearson = 0.8379, spearman = 0.8166
2022-04-18 14:05:53,040 : ALL : Pearson = 0.7895,             Spearman = 0.7934
2022-04-18 14:05:53,040 : ALL (weighted average) : Pearson = 0.7783,             Spearman = 0.7718
2022-04-18 14:05:53,040 : ALL (average) : Pearson = 0.7456,             Spearman = 0.7422

2022-04-18 14:05:53,042 : ***** Transfer task : STS14 *****


2022-04-18 14:05:53,588 : deft-forum : pearson = 0.4807, spearman = 0.4658
2022-04-18 14:05:54,021 : deft-news : pearson = 0.8022, spearman = 0.7735
2022-04-18 14:05:54,788 : headlines : pearson = 0.7530, spearman = 0.7311
2022-04-18 14:05:55,597 : images : pearson = 0.7275, spearman = 0.7035
2022-04-18 14:05:56,396 : OnWN : pearson = 0.8664, spearman = 0.8467
2022-04-18 14:05:57,248 : tweet-news : pearson = 0.7713, spearman = 0.7019
2022-04-18 14:05:57,252 : ALL : Pearson = 0.7167,             Spearman = 0.6841
2022-04-18 14:05:57,252 : ALL (weighted average) : Pearson = 0.7455,             Spearman = 0.7144
2022-04-18 14:05:57,252 : ALL (average) : Pearson = 0.7335,             Spearman = 0.7038

2022-04-18 14:05:57,256 : ***** Transfer task : STS15 *****


2022-04-18 14:05:57,989 : answers-forums : pearson = 0.7577, spearman = 0.7598
2022-04-18 14:05:58,684 : answers-students : pearson = 0.7144, spearman = 0.7158
2022-04-18 14:05:59,134 : belief : pearson = 0.8161, spearman = 0.8301
2022-04-18 14:05:59,991 : headlines : pearson = 0.7983, spearman = 0.8000
2022-04-18 14:06:00,813 : images : pearson = 0.8156, spearman = 0.8289
2022-04-18 14:06:00,817 : ALL : Pearson = 0.7578,             Spearman = 0.7635
2022-04-18 14:06:00,817 : ALL (weighted average) : Pearson = 0.7788,             Spearman = 0.7849
2022-04-18 14:06:00,818 : ALL (average) : Pearson = 0.7804,             Spearman = 0.7869

2022-04-18 14:06:00,832 : ***** Transfer task : STS16 *****


2022-04-18 14:06:01,164 : answer-answer : pearson = 0.7014, spearman = 0.7000
2022-04-18 14:06:01,403 : headlines : pearson = 0.7819, spearman = 0.7967
2022-04-18 14:06:01,632 : plagiarism : pearson = 0.8333, spearman = 0.8521
2022-04-18 14:06:01,943 : postediting : pearson = 0.8659, spearman = 0.8771
2022-04-18 14:06:02,145 : question-question : pearson = 0.6904, spearman = 0.6833
2022-04-18 14:06:02,148 : ALL : Pearson = 0.7650,             Spearman = 0.7750
2022-04-18 14:06:02,148 : ALL (weighted average) : Pearson = 0.7758,             Spearman = 0.7833
2022-04-18 14:06:02,148 : ALL (average) : Pearson = 0.7746,             Spearman = 0.7819

2022-04-18 14:06:02,150 : 

***** Transfer task : STSBenchmark*****


2022-04-18 14:06:08,590 : train : pearson = 0.7376, spearman = 0.7182
2022-04-18 14:06:10,357 : dev : pearson = 0.7572, spearman = 0.7626
2022-04-18 14:06:11,783 : test : pearson = 0.7259, spearman = 0.7188
2022-04-18 14:06:11,799 : ALL : Pearson = 0.7391,             Spearman = 0.7303
2022-04-18 14:06:11,799 : ALL (weighted average) : Pearson = 0.7391,             Spearman = 0.7260
2022-04-18 14:06:11,799 : ALL (average) : Pearson = 0.7402,             Spearman = 0.7332

2022-04-18 14:06:11,818 : 

***** Transfer task : SICKRelatedness*****


2022-04-18 14:06:16,076 : train : pearson = 0.7564, spearman = 0.6896
2022-04-18 14:06:16,539 : dev : pearson = 0.7432, spearman = 0.7039
2022-04-18 14:06:21,074 : test : pearson = 0.7481, spearman = 0.6822
2022-04-18 14:06:21,087 : ALL : Pearson = 0.7517,             Spearman = 0.6866
2022-04-18 14:06:21,087 : ALL (weighted average) : Pearson = 0.7516,             Spearman = 0.6866
2022-04-18 14:06:21,087 : ALL (average) : Pearson = 0.7492,             Spearman = 0.6919

------ test ------
+-------+-------+-------+-------+-------+--------------+-----------------+-------+
| STS12 | STS13 | STS14 | STS15 | STS16 | STSBenchmark | SICKRelatedness |  Avg. |
+-------+-------+-------+-------+-------+--------------+-----------------+-------+
| 63.05 | 79.34 | 68.41 | 76.35 | 77.50 |    71.88     |      68.22      | 72.11 |
+-------+-------+-------+-------+-------+--------------+-----------------+-------+